{"D:\\web\\pet-projects\\supes\\client\\src\\App.tsx": {"path":"D:\\web\\pet-projects\\supes\\client\\src\\App.tsx","statementMap":{"0":{"start":{"line":11,"column":21},"end":{"line":11,"column":39}},"1":{"start":{"line":12,"column":4},"end":{"line":14,"column":9}},"2":{"start":{"line":13,"column":8},"end":{"line":13,"column":33}},"3":{"start":{"line":16,"column":26},"end":{"line":16,"column":70}},"4":{"start":{"line":16,"column":52},"end":{"line":16,"column":69}},"5":{"start":{"line":18,"column":4},"end":{"line":24,"column":2}}},"fnMap":{"0":{"name":"App","decl":{"start":{"line":9,"column":9},"end":{"line":9,"column":12}},"loc":{"start":{"line":9,"column":15},"end":{"line":25,"column":1}},"line":9},"1":{"name":"(anonymous_1)","decl":{"start":{"line":12,"column":14},"end":{"line":12,"column":15}},"loc":{"start":{"line":12,"column":18},"end":{"line":14,"column":5}},"line":12},"2":{"name":"(anonymous_2)","decl":{"start":{"line":16,"column":43},"end":{"line":16,"column":44}},"loc":{"start":{"line":16,"column":52},"end":{"line":16,"column":69}},"line":16}},"branchMap":{"0":{"loc":{"start":{"line":20,"column":13},"end":{"line":20,"column":41}},"type":"binary-expr","locations":[{"start":{"line":20,"column":13},"end":{"line":20,"column":29}},{"start":{"line":20,"column":33},"end":{"line":20,"column":41}}],"line":20}},"s":{"0":0,"1":0,"2":0,"3":0,"4":0,"5":0},"f":{"0":0,"1":0,"2":0},"b":{"0":[0,0]}}
,"D:\\web\\pet-projects\\supes\\client\\src\\index.tsx": {"path":"D:\\web\\pet-projects\\supes\\client\\src\\index.tsx","statementMap":{"0":{"start":{"line":7,"column":13},"end":{"line":9,"column":1}},"1":{"start":{"line":10,"column":0},"end":{"line":14,"column":2}}},"fnMap":{},"branchMap":{},"s":{"0":0,"1":0},"f":{},"b":{}}
,"D:\\web\\pet-projects\\supes\\client\\src\\api\\api.ts": {"path":"D:\\web\\pet-projects\\supes\\client\\src\\api\\api.ts","statementMap":{"0":{"start":{"line":3,"column":19},"end":{"line":33,"column":1}},"1":{"start":{"line":6,"column":8},"end":{"line":10,"column":9}},"2":{"start":{"line":7,"column":12},"end":{"line":7,"column":89}},"3":{"start":{"line":9,"column":12},"end":{"line":9,"column":30}},"4":{"start":{"line":13,"column":8},"end":{"line":17,"column":9}},"5":{"start":{"line":14,"column":12},"end":{"line":14,"column":116}},"6":{"start":{"line":16,"column":12},"end":{"line":16,"column":30}},"7":{"start":{"line":20,"column":8},"end":{"line":24,"column":9}},"8":{"start":{"line":21,"column":12},"end":{"line":21,"column":62}},"9":{"start":{"line":23,"column":12},"end":{"line":23,"column":30}},"10":{"start":{"line":27,"column":8},"end":{"line":31,"column":9}},"11":{"start":{"line":28,"column":12},"end":{"line":28,"column":66}},"12":{"start":{"line":30,"column":12},"end":{"line":30,"column":30}}},"fnMap":{"0":{"name":"(anonymous_0)","decl":{"start":{"line":5,"column":4},"end":{"line":5,"column":5}},"loc":{"start":{"line":5,"column":34},"end":{"line":11,"column":5}},"line":5},"1":{"name":"(anonymous_1)","decl":{"start":{"line":12,"column":4},"end":{"line":12,"column":5}},"loc":{"start":{"line":12,"column":34},"end":{"line":18,"column":5}},"line":12},"2":{"name":"(anonymous_2)","decl":{"start":{"line":19,"column":4},"end":{"line":19,"column":5}},"loc":{"start":{"line":19,"column":35},"end":{"line":25,"column":5}},"line":19},"3":{"name":"(anonymous_3)","decl":{"start":{"line":26,"column":4},"end":{"line":26,"column":5}},"loc":{"start":{"line":26,"column":33},"end":{"line":32,"column":5}},"line":26}},"branchMap":{},"s":{"0":1,"1":0,"2":0,"3":0,"4":1,"5":1,"6":0,"7":0,"8":0,"9":0,"10":0,"11":0,"12":0},"f":{"0":0,"1":1,"2":0,"3":0},"b":{},"_coverageSchema":"1a1c01bbd47fc00a2c39e90264f33305004495a9","hash":"bb4a81d6cd7f24d9a69aa35f937cc444f8641bd4"}
,"D:\\web\\pet-projects\\supes\\client\\src\\components\\BackCard.tsx": {"path":"D:\\web\\pet-projects\\supes\\client\\src\\components\\BackCard.tsx","statementMap":{"0":{"start":{"line":14,"column":42},"end":{"line":43,"column":1}},"1":{"start":{"line":15,"column":30},"end":{"line":15,"column":49}},"2":{"start":{"line":16,"column":21},"end":{"line":16,"column":39}},"3":{"start":{"line":18,"column":21},"end":{"line":21,"column":5}},"4":{"start":{"line":19,"column":8},"end":{"line":19,"column":34}},"5":{"start":{"line":20,"column":8},"end":{"line":20,"column":38}},"6":{"start":{"line":22,"column":4},"end":{"line":42,"column":6}},"7":{"start":{"line":24,"column":77},"end":{"line":24,"column":94}},"8":{"start":{"line":25,"column":96},"end":{"line":25,"column":113}},"9":{"start":{"line":27,"column":68},"end":{"line":27,"column":84}},"10":{"start":{"line":29,"column":78},"end":{"line":29,"column":107}}},"fnMap":{"0":{"name":"(anonymous_0)","decl":{"start":{"line":14,"column":42},"end":{"line":14,"column":43}},"loc":{"start":{"line":14,"column":65},"end":{"line":43,"column":1}},"line":14},"1":{"name":"(anonymous_1)","decl":{"start":{"line":18,"column":21},"end":{"line":18,"column":22}},"loc":{"start":{"line":18,"column":27},"end":{"line":21,"column":5}},"line":18},"2":{"name":"(anonymous_2)","decl":{"start":{"line":24,"column":73},"end":{"line":24,"column":74}},"loc":{"start":{"line":24,"column":77},"end":{"line":24,"column":94}},"line":24},"3":{"name":"(anonymous_3)","decl":{"start":{"line":25,"column":92},"end":{"line":25,"column":93}},"loc":{"start":{"line":25,"column":96},"end":{"line":25,"column":113}},"line":25},"4":{"name":"(anonymous_4)","decl":{"start":{"line":27,"column":64},"end":{"line":27,"column":65}},"loc":{"start":{"line":27,"column":68},"end":{"line":27,"column":84}},"line":27},"5":{"name":"(anonymous_5)","decl":{"start":{"line":29,"column":74},"end":{"line":29,"column":75}},"loc":{"start":{"line":29,"column":78},"end":{"line":29,"column":107}},"line":29}},"branchMap":{},"s":{"0":0,"1":0,"2":0,"3":0,"4":0,"5":0,"6":0,"7":0,"8":0,"9":0,"10":0},"f":{"0":0,"1":0,"2":0,"3":0,"4":0,"5":0},"b":{}}
,"D:\\web\\pet-projects\\supes\\client\\src\\components\\Card.tsx": {"path":"D:\\web\\pet-projects\\supes\\client\\src\\components\\Card.tsx","statementMap":{"0":{"start":{"line":9,"column":34},"end":{"line":20,"column":1}},"1":{"start":{"line":11,"column":32},"end":{"line":11,"column":47}},"2":{"start":{"line":12,"column":4},"end":{"line":19,"column":6}}},"fnMap":{"0":{"name":"(anonymous_0)","decl":{"start":{"line":9,"column":34},"end":{"line":9,"column":35}},"loc":{"start":{"line":9,"column":46},"end":{"line":20,"column":1}},"line":9}},"branchMap":{"0":{"loc":{"start":{"line":14,"column":68},"end":{"line":14,"column":98}},"type":"cond-expr","locations":[{"start":{"line":14,"column":75},"end":{"line":14,"column":95}},{"start":{"line":14,"column":96},"end":{"line":14,"column":98}}],"line":14}},"s":{"0":0,"1":0,"2":0},"f":{"0":0},"b":{"0":[0,0]}}
,"D:\\web\\pet-projects\\supes\\client\\src\\components\\FrontCard.tsx": {"path":"D:\\web\\pet-projects\\supes\\client\\src\\components\\FrontCard.tsx","statementMap":{"0":{"start":{"line":8,"column":45},"end":{"line":18,"column":1}},"1":{"start":{"line":9,"column":4},"end":{"line":17,"column":6}},"2":{"start":{"line":15,"column":56},"end":{"line":15,"column":71}}},"fnMap":{"0":{"name":"(anonymous_0)","decl":{"start":{"line":8,"column":45},"end":{"line":8,"column":46}},"loc":{"start":{"line":8,"column":68},"end":{"line":18,"column":1}},"line":8},"1":{"name":"(anonymous_1)","decl":{"start":{"line":15,"column":52},"end":{"line":15,"column":53}},"loc":{"start":{"line":15,"column":56},"end":{"line":15,"column":71}},"line":15}},"branchMap":{},"s":{"0":0,"1":0,"2":0},"f":{"0":0,"1":0},"b":{}}
,"D:\\web\\pet-projects\\supes\\client\\src\\components\\Header.tsx": {"path":"D:\\web\\pet-projects\\supes\\client\\src\\components\\Header.tsx","statementMap":{"0":{"start":{"line":7,"column":15},"end":{"line":17,"column":1}},"1":{"start":{"line":8,"column":21},"end":{"line":8,"column":39}},"2":{"start":{"line":9,"column":4},"end":{"line":16,"column":6}},"3":{"start":{"line":13,"column":37},"end":{"line":13,"column":62}}},"fnMap":{"0":{"name":"(anonymous_0)","decl":{"start":{"line":7,"column":15},"end":{"line":7,"column":16}},"loc":{"start":{"line":7,"column":21},"end":{"line":17,"column":1}},"line":7},"1":{"name":"(anonymous_1)","decl":{"start":{"line":13,"column":33},"end":{"line":13,"column":34}},"loc":{"start":{"line":13,"column":37},"end":{"line":13,"column":62}},"line":13}},"branchMap":{},"s":{"0":0,"1":0,"2":0,"3":0},"f":{"0":0,"1":0},"b":{}}
,"D:\\web\\pet-projects\\supes\\client\\src\\components\\Main.tsx": {"path":"D:\\web\\pet-projects\\supes\\client\\src\\components\\Main.tsx","statementMap":{"0":{"start":{"line":9,"column":12},"end":{"line":42,"column":1}},"1":{"start":{"line":11,"column":39},"end":{"line":11,"column":81}},"2":{"start":{"line":11,"column":63},"end":{"line":11,"column":80}},"3":{"start":{"line":12,"column":21},"end":{"line":12,"column":39}},"4":{"start":{"line":13,"column":24},"end":{"line":18,"column":5}},"5":{"start":{"line":14,"column":8},"end":{"line":16,"column":9}},"6":{"start":{"line":15,"column":12},"end":{"line":15,"column":32}},"7":{"start":{"line":17,"column":8},"end":{"line":17,"column":30}},"8":{"start":{"line":19,"column":4},"end":{"line":41,"column":6}},"9":{"start":{"line":27,"column":32},"end":{"line":28,"column":85}},"10":{"start":{"line":28,"column":52},"end":{"line":28,"column":70}},"11":{"start":{"line":33,"column":42},"end":{"line":33,"column":75}}},"fnMap":{"0":{"name":"(anonymous_0)","decl":{"start":{"line":9,"column":12},"end":{"line":9,"column":13}},"loc":{"start":{"line":9,"column":18},"end":{"line":42,"column":1}},"line":9},"1":{"name":"(anonymous_1)","decl":{"start":{"line":11,"column":56},"end":{"line":11,"column":57}},"loc":{"start":{"line":11,"column":63},"end":{"line":11,"column":80}},"line":11},"2":{"name":"(anonymous_2)","decl":{"start":{"line":13,"column":24},"end":{"line":13,"column":25}},"loc":{"start":{"line":13,"column":37},"end":{"line":18,"column":5}},"line":13},"3":{"name":"(anonymous_3)","decl":{"start":{"line":26,"column":56},"end":{"line":26,"column":57}},"loc":{"start":{"line":27,"column":32},"end":{"line":28,"column":85}},"line":27},"4":{"name":"(anonymous_4)","decl":{"start":{"line":28,"column":46},"end":{"line":28,"column":47}},"loc":{"start":{"line":28,"column":52},"end":{"line":28,"column":70}},"line":28},"5":{"name":"(anonymous_5)","decl":{"start":{"line":33,"column":36},"end":{"line":33,"column":37}},"loc":{"start":{"line":33,"column":42},"end":{"line":33,"column":75}},"line":33}},"branchMap":{"0":{"loc":{"start":{"line":14,"column":8},"end":{"line":16,"column":9}},"type":"if","locations":[{"start":{"line":14,"column":8},"end":{"line":16,"column":9}},{"start":{},"end":{}}],"line":14},"1":{"loc":{"start":{"line":21,"column":13},"end":{"line":37,"column":75}},"type":"cond-expr","locations":[{"start":{"line":22,"column":16},"end":{"line":35,"column":19}},{"start":{"line":37,"column":16},"end":{"line":37,"column":75}}],"line":21},"2":{"loc":{"start":{"line":24,"column":24},"end":{"line":30,"column":30}},"type":"binary-expr","locations":[{"start":{"line":24,"column":24},"end":{"line":24,"column":38}},{"start":{"line":25,"column":24},"end":{"line":30,"column":30}}],"line":24},"3":{"loc":{"start":{"line":27,"column":103},"end":{"line":27,"column":144}},"type":"cond-expr","locations":[{"start":{"line":27,"column":119},"end":{"line":27,"column":139}},{"start":{"line":27,"column":142},"end":{"line":27,"column":144}}],"line":27}},"s":{"0":0,"1":0,"2":0,"3":0,"4":0,"5":0,"6":0,"7":0,"8":0,"9":0,"10":0,"11":0},"f":{"0":0,"1":0,"2":0,"3":0,"4":0,"5":0},"b":{"0":[0,0],"1":[0,0],"2":[0,0],"3":[0,0]}}
,"D:\\web\\pet-projects\\supes\\client\\src\\components\\Modal.tsx": {"path":"D:\\web\\pet-projects\\supes\\client\\src\\components\\Modal.tsx","statementMap":{"0":{"start":{"line":18,"column":14},"end":{"line":110,"column":1}},"1":{"start":{"line":20,"column":21},"end":{"line":20,"column":39}},"2":{"start":{"line":21,"column":34},"end":{"line":21,"column":78}},"3":{"start":{"line":21,"column":60},"end":{"line":21,"column":77}},"4":{"start":{"line":22,"column":34},"end":{"line":22,"column":54}},"5":{"start":{"line":23,"column":20},"end":{"line":30,"column":5}},"6":{"start":{"line":32,"column":23},"end":{"line":36,"column":5}},"7":{"start":{"line":33,"column":7},"end":{"line":33,"column":33}},"8":{"start":{"line":34,"column":8},"end":{"line":34,"column":56}},"9":{"start":{"line":38,"column":21},"end":{"line":56,"column":5}},"10":{"start":{"line":39,"column":23},"end":{"line":39,"column":37}},"11":{"start":{"line":40,"column":8},"end":{"line":40,"column":40}},"12":{"start":{"line":41,"column":8},"end":{"line":41,"column":52}},"13":{"start":{"line":42,"column":8},"end":{"line":42,"column":54}},"14":{"start":{"line":43,"column":8},"end":{"line":43,"column":48}},"15":{"start":{"line":44,"column":8},"end":{"line":44,"column":58}},"16":{"start":{"line":45,"column":8},"end":{"line":45,"column":48}},"17":{"start":{"line":46,"column":8},"end":{"line":46,"column":80}},"18":{"start":{"line":47,"column":8},"end":{"line":49,"column":9}},"19":{"start":{"line":48,"column":12},"end":{"line":48,"column":44}},"20":{"start":{"line":50,"column":8},"end":{"line":54,"column":9}},"21":{"start":{"line":51,"column":12},"end":{"line":51,"column":42}},"22":{"start":{"line":53,"column":12},"end":{"line":53,"column":40}},"23":{"start":{"line":55,"column":8},"end":{"line":55,"column":34}},"24":{"start":{"line":58,"column":4},"end":{"line":109,"column":6}},"25":{"start":{"line":66,"column":20},"end":{"line":66,"column":36}},"26":{"start":{"line":67,"column":20},"end":{"line":67,"column":41}}},"fnMap":{"0":{"name":"(anonymous_0)","decl":{"start":{"line":18,"column":14},"end":{"line":18,"column":15}},"loc":{"start":{"line":18,"column":20},"end":{"line":110,"column":1}},"line":18},"1":{"name":"(anonymous_1)","decl":{"start":{"line":21,"column":51},"end":{"line":21,"column":52}},"loc":{"start":{"line":21,"column":60},"end":{"line":21,"column":77}},"line":21},"2":{"name":"(anonymous_2)","decl":{"start":{"line":32,"column":23},"end":{"line":32,"column":24}},"loc":{"start":{"line":32,"column":27},"end":{"line":36,"column":5}},"line":32},"3":{"name":"(anonymous_3)","decl":{"start":{"line":38,"column":21},"end":{"line":38,"column":22}},"loc":{"start":{"line":38,"column":40},"end":{"line":56,"column":5}},"line":38},"4":{"name":"(anonymous_4)","decl":{"start":{"line":62,"column":26},"end":{"line":62,"column":27}},"loc":{"start":{"line":65,"column":21},"end":{"line":68,"column":17}},"line":65}},"branchMap":{"0":{"loc":{"start":{"line":24,"column":12},"end":{"line":24,"column":33}},"type":"binary-expr","locations":[{"start":{"line":24,"column":12},"end":{"line":24,"column":27}},{"start":{"line":24,"column":31},"end":{"line":24,"column":33}}],"line":24},"1":{"loc":{"start":{"line":25,"column":18},"end":{"line":25,"column":45}},"type":"binary-expr","locations":[{"start":{"line":25,"column":18},"end":{"line":25,"column":39}},{"start":{"line":25,"column":43},"end":{"line":25,"column":45}}],"line":25},"2":{"loc":{"start":{"line":26,"column":19},"end":{"line":26,"column":47}},"type":"binary-expr","locations":[{"start":{"line":26,"column":19},"end":{"line":26,"column":41}},{"start":{"line":26,"column":45},"end":{"line":26,"column":47}}],"line":26},"3":{"loc":{"start":{"line":27,"column":16},"end":{"line":27,"column":41}},"type":"binary-expr","locations":[{"start":{"line":27,"column":16},"end":{"line":27,"column":35}},{"start":{"line":27,"column":39},"end":{"line":27,"column":41}}],"line":27},"4":{"loc":{"start":{"line":28,"column":21},"end":{"line":28,"column":51}},"type":"binary-expr","locations":[{"start":{"line":28,"column":21},"end":{"line":28,"column":45}},{"start":{"line":28,"column":49},"end":{"line":28,"column":51}}],"line":28},"5":{"loc":{"start":{"line":29,"column":16},"end":{"line":29,"column":41}},"type":"binary-expr","locations":[{"start":{"line":29,"column":16},"end":{"line":29,"column":35}},{"start":{"line":29,"column":39},"end":{"line":29,"column":41}}],"line":29},"6":{"loc":{"start":{"line":34,"column":8},"end":{"line":34,"column":56}},"type":"binary-expr","locations":[{"start":{"line":34,"column":8},"end":{"line":34,"column":22}},{"start":{"line":34,"column":26},"end":{"line":34,"column":56}}],"line":34},"7":{"loc":{"start":{"line":46,"column":38},"end":{"line":46,"column":79}},"type":"binary-expr","locations":[{"start":{"line":46,"column":38},"end":{"line":46,"column":73}},{"start":{"line":46,"column":77},"end":{"line":46,"column":79}}],"line":46},"8":{"loc":{"start":{"line":50,"column":8},"end":{"line":54,"column":9}},"type":"if","locations":[{"start":{"line":50,"column":8},"end":{"line":54,"column":9}},{"start":{"line":52,"column":14},"end":{"line":54,"column":9}}],"line":50}},"s":{"0":0,"1":0,"2":0,"3":0,"4":0,"5":0,"6":0,"7":0,"8":0,"9":0,"10":0,"11":0,"12":0,"13":0,"14":0,"15":0,"16":0,"17":0,"18":0,"19":0,"20":0,"21":0,"22":0,"23":0,"24":0,"25":0,"26":0},"f":{"0":0,"1":0,"2":0,"3":0,"4":0},"b":{"0":[0,0],"1":[0,0],"2":[0,0],"3":[0,0],"4":[0,0],"5":[0,0],"6":[0,0],"7":[0,0],"8":[0,0]}}
,"D:\\web\\pet-projects\\supes\\client\\src\\components\\UploadImage.tsx": {"path":"D:\\web\\pet-projects\\supes\\client\\src\\components\\UploadImage.tsx","statementMap":{"0":{"start":{"line":8,"column":48},"end":{"line":84,"column":2}},"1":{"start":{"line":10,"column":24},"end":{"line":10,"column":41}},"2":{"start":{"line":11,"column":41},"end":{"line":11,"column":63}},"3":{"start":{"line":13,"column":5},"end":{"line":17,"column":7}},"4":{"start":{"line":14,"column":9},"end":{"line":16,"column":10}},"5":{"start":{"line":15,"column":13},"end":{"line":15,"column":58}},"6":{"start":{"line":15,"column":33},"end":{"line":15,"column":57}},"7":{"start":{"line":19,"column":9},"end":{"line":19,"column":32}},"8":{"start":{"line":20,"column":9},"end":{"line":20,"column":33}},"9":{"start":{"line":21,"column":23},"end":{"line":21,"column":70}},"10":{"start":{"line":22,"column":9},"end":{"line":29,"column":10}},"11":{"start":{"line":23,"column":36},"end":{"line":23,"column":38}},"12":{"start":{"line":24,"column":13},"end":{"line":26,"column":14}},"13":{"start":{"line":25,"column":17},"end":{"line":25,"column":53}},"14":{"start":{"line":27,"column":13},"end":{"line":27,"column":33}},"15":{"start":{"line":28,"column":13},"end":{"line":28,"column":30}},"16":{"start":{"line":31,"column":28},"end":{"line":35,"column":5}},"17":{"start":{"line":32,"column":9},"end":{"line":32,"column":59}},"18":{"start":{"line":32,"column":48},"end":{"line":32,"column":57}},"19":{"start":{"line":33,"column":9},"end":{"line":33,"column":65}},"20":{"start":{"line":33,"column":55},"end":{"line":33,"column":63}},"21":{"start":{"line":34,"column":9},"end":{"line":34,"column":33}},"22":{"start":{"line":37,"column":9},"end":{"line":37,"column":31}},"23":{"start":{"line":38,"column":9},"end":{"line":38,"column":32}},"24":{"start":{"line":41,"column":9},"end":{"line":41,"column":32}},"25":{"start":{"line":42,"column":9},"end":{"line":42,"column":33}},"26":{"start":{"line":45,"column":5},"end":{"line":83,"column":7}},"27":{"start":{"line":56,"column":17},"end":{"line":60,"column":23}},"28":{"start":{"line":66,"column":32},"end":{"line":66,"column":81}},"29":{"start":{"line":75,"column":17},"end":{"line":80,"column":23}},"30":{"start":{"line":79,"column":39},"end":{"line":79,"column":61}}},"fnMap":{"0":{"name":"(anonymous_0)","decl":{"start":{"line":8,"column":48},"end":{"line":8,"column":49}},"loc":{"start":{"line":8,"column":87},"end":{"line":84,"column":2}},"line":8},"1":{"name":"(anonymous_1)","decl":{"start":{"line":13,"column":15},"end":{"line":13,"column":16}},"loc":{"start":{"line":13,"column":19},"end":{"line":17,"column":6}},"line":13},"2":{"name":"(anonymous_2)","decl":{"start":{"line":14,"column":16},"end":{"line":14,"column":17}},"loc":{"start":{"line":14,"column":21},"end":{"line":16,"column":10}},"line":14},"3":{"name":"(anonymous_3)","decl":{"start":{"line":15,"column":28},"end":{"line":15,"column":29}},"loc":{"start":{"line":15,"column":33},"end":{"line":15,"column":57}},"line":15},"4":{"name":"dropHandler","decl":{"start":{"line":18,"column":14},"end":{"line":18,"column":25}},"loc":{"start":{"line":18,"column":38},"end":{"line":30,"column":6}},"line":18},"5":{"name":"(anonymous_5)","decl":{"start":{"line":31,"column":28},"end":{"line":31,"column":29}},"loc":{"start":{"line":31,"column":55},"end":{"line":35,"column":5}},"line":31},"6":{"name":"(anonymous_6)","decl":{"start":{"line":32,"column":41},"end":{"line":32,"column":42}},"loc":{"start":{"line":32,"column":48},"end":{"line":32,"column":57}},"line":32},"7":{"name":"(anonymous_7)","decl":{"start":{"line":33,"column":40},"end":{"line":33,"column":41}},"loc":{"start":{"line":33,"column":55},"end":{"line":33,"column":63}},"line":33},"8":{"name":"dragEnterHandler","decl":{"start":{"line":36,"column":14},"end":{"line":36,"column":30}},"loc":{"start":{"line":36,"column":43},"end":{"line":39,"column":6}},"line":36},"9":{"name":"dragLeaveHandler","decl":{"start":{"line":40,"column":14},"end":{"line":40,"column":30}},"loc":{"start":{"line":40,"column":43},"end":{"line":43,"column":6}},"line":40},"10":{"name":"(anonymous_10)","decl":{"start":{"line":55,"column":59},"end":{"line":55,"column":60}},"loc":{"start":{"line":56,"column":17},"end":{"line":60,"column":23}},"line":56},"11":{"name":"(anonymous_11)","decl":{"start":{"line":66,"column":26},"end":{"line":66,"column":27}},"loc":{"start":{"line":66,"column":32},"end":{"line":66,"column":81}},"line":66},"12":{"name":"(anonymous_12)","decl":{"start":{"line":74,"column":33},"end":{"line":74,"column":34}},"loc":{"start":{"line":75,"column":17},"end":{"line":80,"column":23}},"line":75},"13":{"name":"(anonymous_13)","decl":{"start":{"line":79,"column":35},"end":{"line":79,"column":36}},"loc":{"start":{"line":79,"column":39},"end":{"line":79,"column":61}},"line":79}},"branchMap":{"0":{"loc":{"start":{"line":21,"column":23},"end":{"line":21,"column":70}},"type":"binary-expr","locations":[{"start":{"line":21,"column":23},"end":{"line":21,"column":48}},{"start":{"line":21,"column":52},"end":{"line":21,"column":70}}],"line":21},"1":{"loc":{"start":{"line":22,"column":9},"end":{"line":29,"column":10}},"type":"if","locations":[{"start":{"line":22,"column":9},"end":{"line":29,"column":10}},{"start":{},"end":{}}],"line":22},"2":{"loc":{"start":{"line":66,"column":32},"end":{"line":66,"column":81}},"type":"binary-expr","locations":[{"start":{"line":66,"column":32},"end":{"line":66,"column":51}},{"start":{"line":66,"column":55},"end":{"line":66,"column":81}}],"line":66}},"s":{"0":0,"1":0,"2":0,"3":0,"4":0,"5":0,"6":0,"7":0,"8":0,"9":0,"10":0,"11":0,"12":0,"13":0,"14":0,"15":0,"16":0,"17":0,"18":0,"19":0,"20":0,"21":0,"22":0,"23":0,"24":0,"25":0,"26":0,"27":0,"28":0,"29":0,"30":0},"f":{"0":0,"1":0,"2":0,"3":0,"4":0,"5":0,"6":0,"7":0,"8":0,"9":0,"10":0,"11":0,"12":0,"13":0},"b":{"0":[0,0],"1":[0,0],"2":[0,0]}}
,"D:\\web\\pet-projects\\supes\\client\\src\\hooks\\useTypedDispatch.ts": {"path":"D:\\web\\pet-projects\\supes\\client\\src\\hooks\\useTypedDispatch.ts","statementMap":{"0":{"start":{"line":5,"column":32},"end":{"line":5,"column":64}},"1":{"start":{"line":5,"column":38},"end":{"line":5,"column":64}}},"fnMap":{"0":{"name":"(anonymous_0)","decl":{"start":{"line":5,"column":32},"end":{"line":5,"column":33}},"loc":{"start":{"line":5,"column":38},"end":{"line":5,"column":64}},"line":5}},"branchMap":{},"s":{"0":0,"1":0},"f":{"0":0},"b":{}}
,"D:\\web\\pet-projects\\supes\\client\\src\\hooks\\useTypedSelector.ts": {"path":"D:\\web\\pet-projects\\supes\\client\\src\\hooks\\useTypedSelector.ts","statementMap":{"0":{"start":{"line":4,"column":65},"end":{"line":4,"column":76}}},"fnMap":{},"branchMap":{},"s":{"0":0},"f":{},"b":{}}
,"D:\\web\\pet-projects\\supes\\client\\src\\store\\store.ts": {"path":"D:\\web\\pet-projects\\supes\\client\\src\\store\\store.ts","statementMap":{"0":{"start":{"line":4,"column":20},"end":{"line":6,"column":2}},"1":{"start":{"line":8,"column":26},"end":{"line":13,"column":1}},"2":{"start":{"line":9,"column":4},"end":{"line":12,"column":6}}},"fnMap":{"0":{"name":"(anonymous_0)","decl":{"start":{"line":8,"column":26},"end":{"line":8,"column":27}},"loc":{"start":{"line":8,"column":49},"end":{"line":13,"column":1}},"line":8}},"branchMap":{"0":{"loc":{"start":{"line":8,"column":27},"end":{"line":8,"column":44}},"type":"default-arg","locations":[{"start":{"line":8,"column":42},"end":{"line":8,"column":44}}],"line":8}},"s":{"0":0,"1":0,"2":0},"f":{"0":0},"b":{"0":[0]}}
,"D:\\web\\pet-projects\\supes\\client\\src\\store\\reducers\\heroActionCreators.ts": {"path":"D:\\web\\pet-projects\\supes\\client\\src\\store\\reducers\\heroActionCreators.ts","statementMap":{"0":{"start":{"line":5,"column":25},"end":{"line":15,"column":1}},"1":{"start":{"line":5,"column":43},"end":{"line":15,"column":1}},"2":{"start":{"line":6,"column":4},"end":{"line":14,"column":5}},"3":{"start":{"line":7,"column":25},"end":{"line":7,"column":50}},"4":{"start":{"line":8,"column":8},"end":{"line":11,"column":9}},"5":{"start":{"line":9,"column":12},"end":{"line":9,"column":53}},"6":{"start":{"line":10,"column":12},"end":{"line":10,"column":68}},"7":{"start":{"line":13,"column":8},"end":{"line":13,"column":24}},"8":{"start":{"line":17,"column":26},"end":{"line":26,"column":1}},"9":{"start":{"line":17,"column":46},"end":{"line":26,"column":1}},"10":{"start":{"line":18,"column":4},"end":{"line":25,"column":5}},"11":{"start":{"line":19,"column":25},"end":{"line":19,"column":48}},"12":{"start":{"line":20,"column":8},"end":{"line":22,"column":9}},"13":{"start":{"line":21,"column":12},"end":{"line":21,"column":44}},"14":{"start":{"line":24,"column":8},"end":{"line":24,"column":24}},"15":{"start":{"line":27,"column":24},"end":{"line":36,"column":1}},"16":{"start":{"line":27,"column":44},"end":{"line":36,"column":1}},"17":{"start":{"line":28,"column":4},"end":{"line":35,"column":5}},"18":{"start":{"line":29,"column":25},"end":{"line":29,"column":49}},"19":{"start":{"line":30,"column":8},"end":{"line":32,"column":9}},"20":{"start":{"line":31,"column":12},"end":{"line":31,"column":47}},"21":{"start":{"line":34,"column":8},"end":{"line":34,"column":24}},"22":{"start":{"line":37,"column":26},"end":{"line":47,"column":1}},"23":{"start":{"line":37,"column":42},"end":{"line":47,"column":1}},"24":{"start":{"line":38,"column":4},"end":{"line":46,"column":5}},"25":{"start":{"line":39,"column":25},"end":{"line":39,"column":49}},"26":{"start":{"line":40,"column":8},"end":{"line":42,"column":9}},"27":{"start":{"line":41,"column":12},"end":{"line":41,"column":36}},"28":{"start":{"line":45,"column":8},"end":{"line":45,"column":24}}},"fnMap":{"0":{"name":"(anonymous_0)","decl":{"start":{"line":5,"column":25},"end":{"line":5,"column":26}},"loc":{"start":{"line":5,"column":43},"end":{"line":15,"column":1}},"line":5},"1":{"name":"(anonymous_1)","decl":{"start":{"line":5,"column":43},"end":{"line":5,"column":44}},"loc":{"start":{"line":5,"column":75},"end":{"line":15,"column":1}},"line":5},"2":{"name":"(anonymous_2)","decl":{"start":{"line":17,"column":26},"end":{"line":17,"column":27}},"loc":{"start":{"line":17,"column":46},"end":{"line":26,"column":1}},"line":17},"3":{"name":"(anonymous_3)","decl":{"start":{"line":17,"column":46},"end":{"line":17,"column":47}},"loc":{"start":{"line":17,"column":78},"end":{"line":26,"column":1}},"line":17},"4":{"name":"(anonymous_4)","decl":{"start":{"line":27,"column":24},"end":{"line":27,"column":25}},"loc":{"start":{"line":27,"column":44},"end":{"line":36,"column":1}},"line":27},"5":{"name":"(anonymous_5)","decl":{"start":{"line":27,"column":44},"end":{"line":27,"column":45}},"loc":{"start":{"line":27,"column":76},"end":{"line":36,"column":1}},"line":27},"6":{"name":"(anonymous_6)","decl":{"start":{"line":37,"column":26},"end":{"line":37,"column":27}},"loc":{"start":{"line":37,"column":42},"end":{"line":47,"column":1}},"line":37},"7":{"name":"(anonymous_7)","decl":{"start":{"line":37,"column":42},"end":{"line":37,"column":43}},"loc":{"start":{"line":37,"column":74},"end":{"line":47,"column":1}},"line":37}},"branchMap":{"0":{"loc":{"start":{"line":8,"column":8},"end":{"line":11,"column":9}},"type":"if","locations":[{"start":{"line":8,"column":8},"end":{"line":11,"column":9}},{"start":{},"end":{}}],"line":8},"1":{"loc":{"start":{"line":20,"column":8},"end":{"line":22,"column":9}},"type":"if","locations":[{"start":{"line":20,"column":8},"end":{"line":22,"column":9}},{"start":{},"end":{}}],"line":20},"2":{"loc":{"start":{"line":30,"column":8},"end":{"line":32,"column":9}},"type":"if","locations":[{"start":{"line":30,"column":8},"end":{"line":32,"column":9}},{"start":{},"end":{}}],"line":30},"3":{"loc":{"start":{"line":40,"column":8},"end":{"line":42,"column":9}},"type":"if","locations":[{"start":{"line":40,"column":8},"end":{"line":42,"column":9}},{"start":{},"end":{}}],"line":40}},"s":{"0":1,"1":0,"2":0,"3":0,"4":0,"5":0,"6":0,"7":0,"8":1,"9":1,"10":1,"11":1,"12":1,"13":1,"14":0,"15":1,"16":0,"17":0,"18":0,"19":0,"20":0,"21":0,"22":1,"23":0,"24":0,"25":0,"26":0,"27":0,"28":0},"f":{"0":0,"1":0,"2":1,"3":1,"4":0,"5":0,"6":0,"7":0},"b":{"0":[0,0],"1":[1,0],"2":[0,0],"3":[0,0]},"_coverageSchema":"1a1c01bbd47fc00a2c39e90264f33305004495a9","hash":"13beda1af053922cd87bb48a7e2f544f1f75d33d"}
,"D:\\web\\pet-projects\\supes\\client\\src\\store\\reducers\\heroSlice.ts": {"path":"D:\\web\\pet-projects\\supes\\client\\src\\store\\reducers\\heroSlice.ts","statementMap":{"0":{"start":{"line":12,"column":23},"end":{"line":20,"column":1}},"1":{"start":{"line":22,"column":32},"end":{"line":28,"column":1}},"2":{"start":{"line":30,"column":25},"end":{"line":64,"column":2}},"3":{"start":{"line":35,"column":12},"end":{"line":39,"column":13}},"4":{"start":{"line":36,"column":16},"end":{"line":36,"column":45}},"5":{"start":{"line":38,"column":16},"end":{"line":38,"column":59}},"6":{"start":{"line":43,"column":12},"end":{"line":43,"column":45}},"7":{"start":{"line":46,"column":12},"end":{"line":46,"column":105}},"8":{"start":{"line":46,"column":51},"end":{"line":46,"column":104}},"9":{"start":{"line":49,"column":12},"end":{"line":49,"column":83}},"10":{"start":{"line":49,"column":57},"end":{"line":49,"column":81}},"11":{"start":{"line":52,"column":12},"end":{"line":52,"column":40}},"12":{"start":{"line":55,"column":12},"end":{"line":55,"column":46}},"13":{"start":{"line":58,"column":12},"end":{"line":58,"column":45}},"14":{"start":{"line":61,"column":12},"end":{"line":61,"column":39}},"15":{"start":{"line":66,"column":110},"end":{"line":66,"column":127}}},"fnMap":{"0":{"name":"(anonymous_0)","decl":{"start":{"line":34,"column":8},"end":{"line":34,"column":9}},"loc":{"start":{"line":34,"column":56},"end":{"line":41,"column":9}},"line":34},"1":{"name":"(anonymous_1)","decl":{"start":{"line":42,"column":8},"end":{"line":42,"column":9}},"loc":{"start":{"line":42,"column":52},"end":{"line":44,"column":9}},"line":42},"2":{"name":"(anonymous_2)","decl":{"start":{"line":45,"column":8},"end":{"line":45,"column":9}},"loc":{"start":{"line":45,"column":55},"end":{"line":47,"column":9}},"line":45},"3":{"name":"(anonymous_3)","decl":{"start":{"line":46,"column":44},"end":{"line":46,"column":45}},"loc":{"start":{"line":46,"column":51},"end":{"line":46,"column":104}},"line":46},"4":{"name":"(anonymous_4)","decl":{"start":{"line":48,"column":8},"end":{"line":48,"column":9}},"loc":{"start":{"line":48,"column":56},"end":{"line":50,"column":9}},"line":48},"5":{"name":"(anonymous_5)","decl":{"start":{"line":49,"column":51},"end":{"line":49,"column":52}},"loc":{"start":{"line":49,"column":57},"end":{"line":49,"column":81}},"line":49},"6":{"name":"(anonymous_6)","decl":{"start":{"line":51,"column":8},"end":{"line":51,"column":9}},"loc":{"start":{"line":51,"column":54},"end":{"line":53,"column":9}},"line":51},"7":{"name":"(anonymous_7)","decl":{"start":{"line":54,"column":8},"end":{"line":54,"column":9}},"loc":{"start":{"line":54,"column":66},"end":{"line":56,"column":9}},"line":54},"8":{"name":"(anonymous_8)","decl":{"start":{"line":57,"column":8},"end":{"line":57,"column":9}},"loc":{"start":{"line":57,"column":59},"end":{"line":59,"column":9}},"line":57},"9":{"name":"(anonymous_9)","decl":{"start":{"line":60,"column":8},"end":{"line":60,"column":9}},"loc":{"start":{"line":60,"column":53},"end":{"line":62,"column":9}},"line":60}},"branchMap":{"0":{"loc":{"start":{"line":35,"column":12},"end":{"line":39,"column":13}},"type":"if","locations":[{"start":{"line":35,"column":12},"end":{"line":39,"column":13}},{"start":{"line":37,"column":17},"end":{"line":39,"column":13}}],"line":35},"1":{"loc":{"start":{"line":46,"column":51},"end":{"line":46,"column":104}},"type":"cond-expr","locations":[{"start":{"line":46,"column":83},"end":{"line":46,"column":87}},{"start":{"line":46,"column":90},"end":{"line":46,"column":104}}],"line":46}},"s":{"0":1,"1":1,"2":1,"3":0,"4":0,"5":0,"6":0,"7":0,"8":0,"9":0,"10":0,"11":0,"12":0,"13":0,"14":0,"15":1},"f":{"0":0,"1":0,"2":0,"3":0,"4":0,"5":0,"6":0,"7":0,"8":0,"9":0},"b":{"0":[0,0],"1":[0,0]},"_coverageSchema":"1a1c01bbd47fc00a2c39e90264f33305004495a9","hash":"08e9f7fb12776697fbcdac0be768cd69e8337862"}
,"D:\\web\\pet-projects\\supes\\client\\src\\types\\hero.ts": {"path":"D:\\web\\pet-projects\\supes\\client\\src\\types\\hero.ts","statementMap":{},"fnMap":{},"branchMap":{},"s":{},"f":{},"b":{}}
}
